[2022-10-23 22-33-31] PHP Warning: require(/var/www/html/app/Presenters/../../templates/Error/500.phtml): Failed to open stream: No such file or directory in /var/www/html/app/Presenters/ErrorPresenter.php:39  @  http://localhost/cs/admin/pages 
[2022-10-23 22-41-42] PHP Warning: require(/var/www/html/app/Presenters/../../templates/Error/500.phtml): Failed to open stream: No such file or directory in /var/www/html/app/Presenters/ErrorPresenter.php:39  @  http://localhost/ 
[2022-10-23 22-42-57] PHP Warning: require(/var/www/html/app/Presenters/../../templates/Error/500.phtml): Failed to open stream: No such file or directory in /var/www/html/app/Presenters/ErrorPresenter.php:39  @  http://localhost/ 
[2022-10-23 22-43-38] PHP Warning: require(/var/www/html/app/Presenters/../../templates/Error/500.phtml): Failed to open stream: No such file or directory in /var/www/html/app/Presenters/ErrorPresenter.php:39  @  http://localhost/ 
[2022-10-23 22-58-05] PHP Warning: Trying to access array offset on value of type null in /var/www/html/app/Router/RouterFactory.php:73  @  http://localhost/admin 
[2022-10-23 22-58-05] PHP Warning: Trying to access array offset on value of type null in /var/www/html/app/Router/RouterFactory.php:73  @  http://localhost/admin 
[2022-10-23 22-58-05] PHP Warning: Trying to access array offset on value of type null in /var/www/html/app/Router/RouterFactory.php:73  @  http://localhost/admin 
[2022-10-23 22-58-05] PHP Warning: Trying to access array offset on value of type null in /var/www/html/app/Router/RouterFactory.php:73  @  http://localhost/admin 
[2022-10-23 22-58-05] PHP Warning: Trying to access array offset on value of type null in /var/www/html/app/Router/RouterFactory.php:73  @  http://localhost/admin 
[2022-10-23 22-58-08] PHP Warning: Trying to access array offset on value of type null in /var/www/html/app/Router/RouterFactory.php:73  @  http://localhost/admin?do=panelCollapsed 
[2022-10-23 22-58-08] PHP Warning: Trying to access array offset on value of type null in /var/www/html/app/Router/RouterFactory.php:73  @  http://localhost/admin?do=panelCollapsed 
[2022-10-23 22-58-08] PHP Warning: Trying to access array offset on value of type null in /var/www/html/app/Router/RouterFactory.php:73  @  http://localhost/admin?do=panelCollapsed 
[2022-10-23 22-58-08] PHP Warning: Trying to access array offset on value of type null in /var/www/html/app/Router/RouterFactory.php:73  @  http://localhost/admin?do=panelCollapsed 
[2022-10-23 22-58-08] PHP Warning: Trying to access array offset on value of type null in /var/www/html/app/Router/RouterFactory.php:73  @  http://localhost/admin?do=panelCollapsed 
[2022-10-23 22-58-10] PHP Warning: Trying to access array offset on value of type null in /var/www/html/app/Router/RouterFactory.php:73  @  http://localhost/admin?do=panelCollapsed 
[2022-10-23 22-58-10] PHP Warning: Trying to access array offset on value of type null in /var/www/html/app/Router/RouterFactory.php:73  @  http://localhost/admin?do=panelCollapsed 
[2022-10-23 22-58-10] PHP Warning: Trying to access array offset on value of type null in /var/www/html/app/Router/RouterFactory.php:73  @  http://localhost/admin?do=panelCollapsed 
[2022-10-23 22-58-10] PHP Warning: Trying to access array offset on value of type null in /var/www/html/app/Router/RouterFactory.php:73  @  http://localhost/admin?do=panelCollapsed 
[2022-10-23 22-58-10] PHP Warning: Trying to access array offset on value of type null in /var/www/html/app/Router/RouterFactory.php:73  @  http://localhost/admin?do=panelCollapsed 
[2022-10-23 22-58-11] PHP Warning: Trying to access array offset on value of type null in /var/www/html/app/Router/RouterFactory.php:73  @  http://localhost/admin/uploads 
[2022-10-23 22-58-11] PHP Warning: Trying to access array offset on value of type null in /var/www/html/app/Router/RouterFactory.php:73  @  http://localhost/admin/uploads 
[2022-10-23 22-58-11] PHP Warning: Trying to access array offset on value of type null in /var/www/html/app/Router/RouterFactory.php:73  @  http://localhost/admin/uploads 
[2022-10-23 22-58-11] PHP Warning: Trying to access array offset on value of type null in /var/www/html/app/Router/RouterFactory.php:73  @  http://localhost/admin/uploads 
[2022-10-23 22-58-11] PHP Warning: Trying to access array offset on value of type null in /var/www/html/app/Router/RouterFactory.php:73  @  http://localhost/admin/uploads 
[2022-10-23 22-58-15] PHP Warning: Trying to access array offset on value of type null in /var/www/html/app/Router/RouterFactory.php:73  @  http://localhost/admin/uploads?do=panelCollapsed 
[2022-10-23 22-58-15] PHP Warning: Trying to access array offset on value of type null in /var/www/html/app/Router/RouterFactory.php:73  @  http://localhost/admin/uploads?do=panelCollapsed 
[2022-10-23 22-58-15] PHP Warning: Trying to access array offset on value of type null in /var/www/html/app/Router/RouterFactory.php:73  @  http://localhost/admin/uploads?do=panelCollapsed 
[2022-10-23 22-58-15] PHP Warning: Trying to access array offset on value of type null in /var/www/html/app/Router/RouterFactory.php:73  @  http://localhost/admin/uploads?do=panelCollapsed 
[2022-10-23 22-58-15] PHP Warning: Trying to access array offset on value of type null in /var/www/html/app/Router/RouterFactory.php:73  @  http://localhost/admin/uploads?do=panelCollapsed 
[2022-10-23 22-58-17] PHP Warning: Trying to access array offset on value of type null in /var/www/html/app/Router/RouterFactory.php:73  @  http://localhost/admin/uploads?do=panelCollapsed 
[2022-10-23 22-58-17] PHP Warning: Trying to access array offset on value of type null in /var/www/html/app/Router/RouterFactory.php:73  @  http://localhost/admin/uploads?do=panelCollapsed 
[2022-10-23 22-58-17] PHP Warning: Trying to access array offset on value of type null in /var/www/html/app/Router/RouterFactory.php:73  @  http://localhost/admin/uploads?do=panelCollapsed 
[2022-10-23 22-58-17] PHP Warning: Trying to access array offset on value of type null in /var/www/html/app/Router/RouterFactory.php:73  @  http://localhost/admin/uploads?do=panelCollapsed 
[2022-10-23 22-58-17] PHP Warning: Trying to access array offset on value of type null in /var/www/html/app/Router/RouterFactory.php:73  @  http://localhost/admin/uploads?do=panelCollapsed 
[2022-10-23 22-58-19] PHP Warning: Trying to access array offset on value of type null in /var/www/html/app/Router/RouterFactory.php:73  @  http://localhost/admin/pages 
[2022-10-23 22-58-19] PHP Warning: Trying to access array offset on value of type null in /var/www/html/app/Router/RouterFactory.php:73  @  http://localhost/admin/pages 
[2022-10-23 22-58-19] PHP Warning: Trying to access array offset on value of type null in /var/www/html/app/Router/RouterFactory.php:73  @  http://localhost/admin/pages 
[2022-10-23 22-58-19] PHP Warning: Trying to access array offset on value of type null in /var/www/html/app/Router/RouterFactory.php:73  @  http://localhost/admin/pages 
[2022-10-23 22-58-19] PHP Warning: Trying to access array offset on value of type null in /var/www/html/app/Router/RouterFactory.php:73  @  http://localhost/admin/pages 
[2022-10-23 22-58-22] PHP Warning: Trying to access array offset on value of type null in /var/www/html/app/Router/RouterFactory.php:73  @  http://localhost/admin/pages?do=panelCollapsed 
[2022-10-23 22-58-22] PHP Warning: Trying to access array offset on value of type null in /var/www/html/app/Router/RouterFactory.php:73  @  http://localhost/admin/pages?do=panelCollapsed 
[2022-10-23 22-58-22] PHP Warning: Trying to access array offset on value of type null in /var/www/html/app/Router/RouterFactory.php:73  @  http://localhost/admin/pages?do=panelCollapsed 
[2022-10-23 22-58-22] PHP Warning: Trying to access array offset on value of type null in /var/www/html/app/Router/RouterFactory.php:73  @  http://localhost/admin/pages?do=panelCollapsed 
[2022-10-23 22-58-22] PHP Warning: Trying to access array offset on value of type null in /var/www/html/app/Router/RouterFactory.php:73  @  http://localhost/admin/pages?do=panelCollapsed 
[2022-10-23 22-58-24] PHP Warning: Trying to access array offset on value of type null in /var/www/html/app/Router/RouterFactory.php:73  @  http://localhost/admin/pages?do=panelCollapsed 
[2022-10-23 22-58-25] PHP Warning: Trying to access array offset on value of type null in /var/www/html/app/Router/RouterFactory.php:73  @  http://localhost/admin/pages?do=panelCollapsed 
[2022-10-23 22-58-25] PHP Warning: Trying to access array offset on value of type null in /var/www/html/app/Router/RouterFactory.php:73  @  http://localhost/admin/pages?do=panelCollapsed 
[2022-10-23 22-58-25] PHP Warning: Trying to access array offset on value of type null in /var/www/html/app/Router/RouterFactory.php:73  @  http://localhost/admin/pages?do=panelCollapsed 
[2022-10-23 22-58-25] PHP Warning: Trying to access array offset on value of type null in /var/www/html/app/Router/RouterFactory.php:73  @  http://localhost/admin/pages?do=panelCollapsed 
[2022-10-23 22-58-27] PHP Warning: Trying to access array offset on value of type null in /var/www/html/app/Router/RouterFactory.php:73  @  http://localhost/admin/users 
[2022-10-23 22-58-27] PHP Warning: Trying to access array offset on value of type null in /var/www/html/app/Router/RouterFactory.php:73  @  http://localhost/admin/users 
[2022-10-23 22-58-27] PHP Warning: Trying to access array offset on value of type null in /var/www/html/app/Router/RouterFactory.php:73  @  http://localhost/admin/users 
[2022-10-23 22-58-27] PHP Warning: Trying to access array offset on value of type null in /var/www/html/app/Router/RouterFactory.php:73  @  http://localhost/admin/users 
[2022-10-23 22-58-27] PHP Warning: Trying to access array offset on value of type null in /var/www/html/app/Router/RouterFactory.php:73  @  http://localhost/admin/users 
[2022-10-23 22-58-30] PHP Warning: Trying to access array offset on value of type null in /var/www/html/app/Router/RouterFactory.php:73  @  http://localhost/admin/users?do=panelCollapsed 
[2022-10-23 22-58-30] PHP Warning: Trying to access array offset on value of type null in /var/www/html/app/Router/RouterFactory.php:73  @  http://localhost/admin/users?do=panelCollapsed 
[2022-10-23 22-58-30] PHP Warning: Trying to access array offset on value of type null in /var/www/html/app/Router/RouterFactory.php:73  @  http://localhost/admin/users?do=panelCollapsed 
[2022-10-23 22-58-30] PHP Warning: Trying to access array offset on value of type null in /var/www/html/app/Router/RouterFactory.php:73  @  http://localhost/admin/users?do=panelCollapsed 
[2022-10-23 22-58-30] PHP Warning: Trying to access array offset on value of type null in /var/www/html/app/Router/RouterFactory.php:73  @  http://localhost/admin/users?do=panelCollapsed 
[2022-10-23 22-58-32] PHP Warning: Trying to access array offset on value of type null in /var/www/html/app/Router/RouterFactory.php:73  @  http://localhost/admin/users?do=panelCollapsed 
[2022-10-23 22-58-32] PHP Warning: Trying to access array offset on value of type null in /var/www/html/app/Router/RouterFactory.php:73  @  http://localhost/admin/users?do=panelCollapsed 
[2022-10-23 22-58-32] PHP Warning: Trying to access array offset on value of type null in /var/www/html/app/Router/RouterFactory.php:73  @  http://localhost/admin/users?do=panelCollapsed 
[2022-10-23 22-58-32] PHP Warning: Trying to access array offset on value of type null in /var/www/html/app/Router/RouterFactory.php:73  @  http://localhost/admin/users?do=panelCollapsed 
[2022-10-23 22-58-32] PHP Warning: Trying to access array offset on value of type null in /var/www/html/app/Router/RouterFactory.php:73  @  http://localhost/admin/users?do=panelCollapsed 
[2022-10-23 22-58-33] PHP Warning: Trying to access array offset on value of type null in /var/www/html/app/Router/RouterFactory.php:73  @  http://localhost/admin/users/edit/2 
[2022-10-23 22-58-33] PHP Warning: Trying to access array offset on value of type null in /var/www/html/app/Router/RouterFactory.php:73  @  http://localhost/admin/users/edit/2 
[2022-10-23 22-58-33] PHP Warning: Trying to access array offset on value of type null in /var/www/html/app/Router/RouterFactory.php:73  @  http://localhost/admin/users/edit/2 
[2022-10-23 22-58-33] PHP Warning: Trying to access array offset on value of type null in /var/www/html/app/Router/RouterFactory.php:73  @  http://localhost/admin/users/edit/2 
[2022-10-23 22-58-33] PHP Warning: Trying to access array offset on value of type null in /var/www/html/app/Router/RouterFactory.php:73  @  http://localhost/admin/users/edit/2 
[2022-10-23 22-58-36] PHP Warning: Trying to access array offset on value of type null in /var/www/html/app/Router/RouterFactory.php:73  @  http://localhost/admin/users/edit/2?do=panelCollapsed 
[2022-10-23 22-58-36] PHP Warning: Trying to access array offset on value of type null in /var/www/html/app/Router/RouterFactory.php:73  @  http://localhost/admin/users/edit/2?do=panelCollapsed 
[2022-10-23 22-58-36] PHP Warning: Trying to access array offset on value of type null in /var/www/html/app/Router/RouterFactory.php:73  @  http://localhost/admin/users/edit/2?do=panelCollapsed 
[2022-10-23 22-58-36] PHP Warning: Trying to access array offset on value of type null in /var/www/html/app/Router/RouterFactory.php:73  @  http://localhost/admin/users/edit/2?do=panelCollapsed 
[2022-10-23 22-58-36] PHP Warning: Trying to access array offset on value of type null in /var/www/html/app/Router/RouterFactory.php:73  @  http://localhost/admin/users/edit/2?do=panelCollapsed 
[2022-10-23 22-58-38] PHP Warning: Trying to access array offset on value of type null in /var/www/html/app/Router/RouterFactory.php:73  @  http://localhost/admin/users/edit/2?do=panelCollapsed 
[2022-10-23 22-58-38] PHP Warning: Trying to access array offset on value of type null in /var/www/html/app/Router/RouterFactory.php:73  @  http://localhost/admin/users/edit/2?do=panelCollapsed 
[2022-10-23 22-58-38] PHP Warning: Trying to access array offset on value of type null in /var/www/html/app/Router/RouterFactory.php:73  @  http://localhost/admin/users/edit/2?do=panelCollapsed 
[2022-10-23 22-58-38] PHP Warning: Trying to access array offset on value of type null in /var/www/html/app/Router/RouterFactory.php:73  @  http://localhost/admin/users/edit/2?do=panelCollapsed 
[2022-10-23 22-58-38] PHP Warning: Trying to access array offset on value of type null in /var/www/html/app/Router/RouterFactory.php:73  @  http://localhost/admin/users/edit/2?do=panelCollapsed 
[2022-10-23 22-58-40] PHP Warning: Trying to access array offset on value of type null in /var/www/html/app/Router/RouterFactory.php:73  @  http://localhost/admin/users/edit/2 
[2022-10-23 22-58-40] PHP Warning: Trying to access array offset on value of type null in /var/www/html/app/Router/RouterFactory.php:73  @  http://localhost/admin/users/edit/2 
[2022-10-23 22-58-40] PHP Warning: Trying to access array offset on value of type null in /var/www/html/app/Router/RouterFactory.php:73  @  http://localhost/admin/users/edit/2 
[2022-10-23 22-58-40] PHP Warning: Trying to access array offset on value of type null in /var/www/html/app/Router/RouterFactory.php:73  @  http://localhost/admin/users/edit/2 
[2022-10-23 22-58-40] PHP Warning: Trying to access array offset on value of type null in /var/www/html/app/Router/RouterFactory.php:73  @  http://localhost/admin/users/edit/2 
[2022-10-23 22-58-41] PHP Warning: Trying to access array offset on value of type null in /var/www/html/app/Router/RouterFactory.php:73  @  http://localhost/admin/users/edit/2?_fid=42ju 
[2022-10-23 22-58-42] PHP Warning: Trying to access array offset on value of type null in /var/www/html/app/Router/RouterFactory.php:73  @  http://localhost/admin/users/edit/2?_fid=42ju 
[2022-10-23 22-58-42] PHP Warning: Trying to access array offset on value of type null in /var/www/html/app/Router/RouterFactory.php:73  @  http://localhost/admin/users/edit/2?_fid=42ju 
[2022-10-23 22-58-42] PHP Warning: Trying to access array offset on value of type null in /var/www/html/app/Router/RouterFactory.php:73  @  http://localhost/admin/users/edit/2?_fid=42ju 
[2022-10-23 22-58-42] PHP Warning: Trying to access array offset on value of type null in /var/www/html/app/Router/RouterFactory.php:73  @  http://localhost/admin/users/edit/2?_fid=42ju 
[2022-10-23 22-58-43] PHP Warning: Trying to access array offset on value of type null in /var/www/html/app/Router/RouterFactory.php:73  @  http://localhost/admin/users/edit/2?do=panelCollapsed 
[2022-10-23 22-58-43] PHP Warning: Trying to access array offset on value of type null in /var/www/html/app/Router/RouterFactory.php:73  @  http://localhost/admin/users/edit/2?do=panelCollapsed 
[2022-10-23 22-58-43] PHP Warning: Trying to access array offset on value of type null in /var/www/html/app/Router/RouterFactory.php:73  @  http://localhost/admin/users/edit/2?do=panelCollapsed 
[2022-10-23 22-58-43] PHP Warning: Trying to access array offset on value of type null in /var/www/html/app/Router/RouterFactory.php:73  @  http://localhost/admin/users/edit/2?do=panelCollapsed 
[2022-10-23 22-58-43] PHP Warning: Trying to access array offset on value of type null in /var/www/html/app/Router/RouterFactory.php:73  @  http://localhost/admin/users/edit/2?do=panelCollapsed 
[2022-10-23 22-58-45] PHP Warning: Trying to access array offset on value of type null in /var/www/html/app/Router/RouterFactory.php:73  @  http://localhost/admin/users/edit/2?do=panelCollapsed 
[2022-10-23 22-58-45] PHP Warning: Trying to access array offset on value of type null in /var/www/html/app/Router/RouterFactory.php:73  @  http://localhost/admin/users/edit/2?do=panelCollapsed 
[2022-10-23 22-58-45] PHP Warning: Trying to access array offset on value of type null in /var/www/html/app/Router/RouterFactory.php:73  @  http://localhost/admin/users/edit/2?do=panelCollapsed 
[2022-10-23 22-58-45] PHP Warning: Trying to access array offset on value of type null in /var/www/html/app/Router/RouterFactory.php:73  @  http://localhost/admin/users/edit/2?do=panelCollapsed 
[2022-10-23 22-58-45] PHP Warning: Trying to access array offset on value of type null in /var/www/html/app/Router/RouterFactory.php:73  @  http://localhost/admin/users/edit/2?do=panelCollapsed 
[2022-10-23 22-58-47] PHP Warning: Trying to access array offset on value of type null in /var/www/html/app/Router/RouterFactory.php:73  @  http://localhost/admin/users 
[2022-10-23 22-58-47] PHP Warning: Trying to access array offset on value of type null in /var/www/html/app/Router/RouterFactory.php:73  @  http://localhost/admin/users 
[2022-10-23 22-58-47] PHP Warning: Trying to access array offset on value of type null in /var/www/html/app/Router/RouterFactory.php:73  @  http://localhost/admin/users 
[2022-10-23 22-58-47] PHP Warning: Trying to access array offset on value of type null in /var/www/html/app/Router/RouterFactory.php:73  @  http://localhost/admin/users 
[2022-10-23 22-58-47] PHP Warning: Trying to access array offset on value of type null in /var/www/html/app/Router/RouterFactory.php:73  @  http://localhost/admin/users 
[2022-10-23 22-58-49] PHP Warning: Trying to access array offset on value of type null in /var/www/html/app/Router/RouterFactory.php:73  @  http://localhost/admin/users?do=panelCollapsed 
[2022-10-23 22-58-49] PHP Warning: Trying to access array offset on value of type null in /var/www/html/app/Router/RouterFactory.php:73  @  http://localhost/admin/users?do=panelCollapsed 
[2022-10-23 22-58-49] PHP Warning: Trying to access array offset on value of type null in /var/www/html/app/Router/RouterFactory.php:73  @  http://localhost/admin/users?do=panelCollapsed 
[2022-10-23 22-58-49] PHP Warning: Trying to access array offset on value of type null in /var/www/html/app/Router/RouterFactory.php:73  @  http://localhost/admin/users?do=panelCollapsed 
[2022-10-23 22-58-49] PHP Warning: Trying to access array offset on value of type null in /var/www/html/app/Router/RouterFactory.php:73  @  http://localhost/admin/users?do=panelCollapsed 
[2022-10-23 22-58-50] PHP Warning: Trying to access array offset on value of type null in /var/www/html/app/Router/RouterFactory.php:73  @  http://localhost/admin/users?do=panelCollapsed 
[2022-10-23 22-58-50] PHP Warning: Trying to access array offset on value of type null in /var/www/html/app/Router/RouterFactory.php:73  @  http://localhost/admin/users?do=panelCollapsed 
[2022-10-23 22-58-50] PHP Warning: Trying to access array offset on value of type null in /var/www/html/app/Router/RouterFactory.php:73  @  http://localhost/admin/users?do=panelCollapsed 
[2022-10-23 22-58-50] PHP Warning: Trying to access array offset on value of type null in /var/www/html/app/Router/RouterFactory.php:73  @  http://localhost/admin/users?do=panelCollapsed 
[2022-10-23 22-58-50] PHP Warning: Trying to access array offset on value of type null in /var/www/html/app/Router/RouterFactory.php:73  @  http://localhost/admin/users?do=panelCollapsed 
[2022-10-23 22-58-51] PHP Warning: Trying to access array offset on value of type null in /var/www/html/app/Router/RouterFactory.php:73  @  http://localhost/admin/options 
[2022-10-23 22-58-51] PHP Warning: Trying to access array offset on value of type null in /var/www/html/app/Router/RouterFactory.php:73  @  http://localhost/admin/options 
[2022-10-23 22-58-51] PHP Warning: Trying to access array offset on value of type null in /var/www/html/app/Router/RouterFactory.php:73  @  http://localhost/admin/options 
[2022-10-23 22-58-52] PHP Warning: Trying to access array offset on value of type null in /var/www/html/app/Router/RouterFactory.php:73  @  http://localhost/admin/options 
[2022-10-23 22-58-52] PHP Warning: Trying to access array offset on value of type null in /var/www/html/app/Router/RouterFactory.php:73  @  http://localhost/admin/options 
[2022-10-23 22-58-54] PHP Warning: Trying to access array offset on value of type null in /var/www/html/app/Router/RouterFactory.php:73  @  http://localhost/ 
[2022-10-23 22-58-54] PHP Warning: Trying to access array offset on value of type null in /var/www/html/app/Router/RouterFactory.php:73  @  http://localhost/ 
[2022-10-23 22-58-54] PHP Warning: Trying to access array offset on value of type null in /var/www/html/app/Router/RouterFactory.php:73  @  http://localhost/ 
[2022-10-23 22-58-54] PHP Warning: Trying to access array offset on value of type null in /var/www/html/app/Router/RouterFactory.php:73  @  http://localhost/ 
[2022-10-23 22-58-54] PHP Warning: Trying to access array offset on value of type null in /var/www/html/app/Router/RouterFactory.php:73  @  http://localhost/ 
[2022-10-23 22-58-55] PHP Warning: Undefined variable $page in /var/www/html/temp/cache/latte/Front-Homepage-default.latte--33a01171b9.php:61  @  http://localhost/ 
[2022-10-23 22-58-57] PHP Warning: require(/var/www/html/app/Presenters/../../templates/Error/500.phtml): Failed to open stream: No such file or directory in /var/www/html/app/Presenters/ErrorPresenter.php:39  @  http://localhost/ 
[2022-10-23 22-58-58] PHP Warning: Trying to access array offset on value of type null in /var/www/html/app/Router/RouterFactory.php:73  @  http://localhost/admin/options?do=panelCollapsed 
[2022-10-23 22-58-58] PHP Warning: Trying to access array offset on value of type null in /var/www/html/app/Router/RouterFactory.php:73  @  http://localhost/admin/options?do=panelCollapsed 
[2022-10-23 22-58-58] PHP Warning: Trying to access array offset on value of type null in /var/www/html/app/Router/RouterFactory.php:73  @  http://localhost/admin/options?do=panelCollapsed 
[2022-10-23 22-58-58] PHP Warning: Trying to access array offset on value of type null in /var/www/html/app/Router/RouterFactory.php:73  @  http://localhost/admin/options?do=panelCollapsed 
[2022-10-23 22-58-58] PHP Warning: Trying to access array offset on value of type null in /var/www/html/app/Router/RouterFactory.php:73  @  http://localhost/admin/options?do=panelCollapsed 
[2022-10-23 22-59-01] PHP Warning: Trying to access array offset on value of type null in /var/www/html/app/Router/RouterFactory.php:73  @  http://localhost/admin/options?do=panelCollapsed 
[2022-10-23 22-59-01] PHP Warning: Trying to access array offset on value of type null in /var/www/html/app/Router/RouterFactory.php:73  @  http://localhost/admin/options?do=panelCollapsed 
[2022-10-23 22-59-01] PHP Warning: Trying to access array offset on value of type null in /var/www/html/app/Router/RouterFactory.php:73  @  http://localhost/admin/options?do=panelCollapsed 
[2022-10-23 22-59-01] PHP Warning: Trying to access array offset on value of type null in /var/www/html/app/Router/RouterFactory.php:73  @  http://localhost/admin/options?do=panelCollapsed 
[2022-10-23 22-59-01] PHP Warning: Trying to access array offset on value of type null in /var/www/html/app/Router/RouterFactory.php:73  @  http://localhost/admin/options?do=panelCollapsed 
[2022-10-23 22-59-15] PHP Warning: Trying to access array offset on value of type null in /var/www/html/app/Router/RouterFactory.php:67  @  http://localhost/ 
[2022-10-23 22-59-15] PHP Warning: Trying to access array offset on value of type null in /var/www/html/app/Router/RouterFactory.php:67  @  http://localhost/ 
[2022-10-23 22-59-15] PHP Warning: Trying to access array offset on value of type null in /var/www/html/app/Router/RouterFactory.php:67  @  http://localhost/ 
[2022-10-23 22-59-15] PHP Warning: Trying to access array offset on value of type null in /var/www/html/app/Router/RouterFactory.php:67  @  http://localhost/ 
[2022-10-23 22-59-15] PHP Warning: Trying to access array offset on value of type null in /var/www/html/app/Router/RouterFactory.php:67  @  http://localhost/ 
[2022-10-23 23-00-11] PHP Warning: Trying to access array offset on value of type null in /var/www/html/app/Router/RouterFactory.php:73  @  http://localhost/ 
[2022-10-23 23-00-11] PHP Warning: Trying to access array offset on value of type null in /var/www/html/app/Router/RouterFactory.php:73  @  http://localhost/ 
[2022-10-23 23-00-11] PHP Warning: Trying to access array offset on value of type null in /var/www/html/app/Router/RouterFactory.php:73  @  http://localhost/ 
[2022-10-23 23-00-11] PHP Warning: Trying to access array offset on value of type null in /var/www/html/app/Router/RouterFactory.php:73  @  http://localhost/ 
[2022-10-23 23-00-11] PHP Warning: Trying to access array offset on value of type null in /var/www/html/app/Router/RouterFactory.php:73  @  http://localhost/ 
[2022-10-23 23-01-52] PHP Warning: Trying to access array offset on value of type null in /var/www/html/app/Router/RouterFactory.php:73  @  http://localhost/admin/options 
[2022-10-23 23-01-53] PHP Warning: Trying to access array offset on value of type null in /var/www/html/app/Router/RouterFactory.php:73  @  http://localhost/admin/options 
[2022-10-23 23-01-53] PHP Warning: Trying to access array offset on value of type null in /var/www/html/app/Router/RouterFactory.php:73  @  http://localhost/admin/options 
[2022-10-23 23-01-53] PHP Warning: Trying to access array offset on value of type null in /var/www/html/app/Router/RouterFactory.php:73  @  http://localhost/admin/options 
[2022-10-23 23-01-53] PHP Warning: Trying to access array offset on value of type null in /var/www/html/app/Router/RouterFactory.php:73  @  http://localhost/admin/options 
[2022-10-23 23-01-54] PHP Warning: Trying to access array offset on value of type null in /var/www/html/app/Router/RouterFactory.php:73  @  http://localhost/admin/auth 
[2022-10-23 23-01-54] PHP Warning: Trying to access array offset on value of type null in /var/www/html/app/Router/RouterFactory.php:73  @  http://localhost/admin/auth 
[2022-10-23 23-01-54] PHP Warning: Trying to access array offset on value of type null in /var/www/html/app/Router/RouterFactory.php:73  @  http://localhost/admin/auth 
[2022-10-23 23-01-54] PHP Warning: Trying to access array offset on value of type null in /var/www/html/app/Router/RouterFactory.php:73  @  http://localhost/admin/auth 
[2022-10-23 23-01-54] PHP Warning: Trying to access array offset on value of type null in /var/www/html/app/Router/RouterFactory.php:73  @  http://localhost/admin/auth 
[2022-10-23 23-02-11] PHP Warning: Trying to access array offset on value of type null in /var/www/html/app/Router/RouterFactory.php:73  @  http://localhost/admin/auth 
[2022-10-23 23-02-11] PHP Warning: Trying to access array offset on value of type null in /var/www/html/app/Router/RouterFactory.php:73  @  http://localhost/admin/auth 
[2022-10-23 23-02-11] PHP Warning: Trying to access array offset on value of type null in /var/www/html/app/Router/RouterFactory.php:73  @  http://localhost/admin/auth 
[2022-10-23 23-02-11] PHP Warning: Trying to access array offset on value of type null in /var/www/html/app/Router/RouterFactory.php:73  @  http://localhost/admin/auth 
[2022-10-23 23-02-11] PHP Warning: Trying to access array offset on value of type null in /var/www/html/app/Router/RouterFactory.php:73  @  http://localhost/admin/auth 
[2022-10-23 23-02-13] PHP Warning: Trying to access array offset on value of type null in /var/www/html/app/Router/RouterFactory.php:73  @  http://localhost/admin 
[2022-10-23 23-02-13] PHP Warning: Trying to access array offset on value of type null in /var/www/html/app/Router/RouterFactory.php:73  @  http://localhost/admin 
[2022-10-23 23-02-13] PHP Warning: Trying to access array offset on value of type null in /var/www/html/app/Router/RouterFactory.php:73  @  http://localhost/admin 
[2022-10-23 23-02-13] PHP Warning: Trying to access array offset on value of type null in /var/www/html/app/Router/RouterFactory.php:73  @  http://localhost/admin 
[2022-10-23 23-02-13] PHP Warning: Trying to access array offset on value of type null in /var/www/html/app/Router/RouterFactory.php:73  @  http://localhost/admin 
[2022-10-23 23-02-14] PHP User Warning: Invalid link: No route for Front:Homepage:default() in /var/www/html/vendor/nette/application/src/Application/UI/Presenter.php:1104  @  http://localhost/admin 
[2022-10-23 23-02-15] PHP Warning: Trying to access array offset on value of type null in /var/www/html/app/Router/RouterFactory.php:73  @  http://localhost/admin?do=panelCollapsed 
[2022-10-23 23-02-15] PHP Warning: Trying to access array offset on value of type null in /var/www/html/app/Router/RouterFactory.php:73  @  http://localhost/admin?do=panelCollapsed 
[2022-10-23 23-02-15] PHP Warning: Trying to access array offset on value of type null in /var/www/html/app/Router/RouterFactory.php:73  @  http://localhost/admin?do=panelCollapsed 
[2022-10-23 23-02-15] PHP Warning: Trying to access array offset on value of type null in /var/www/html/app/Router/RouterFactory.php:73  @  http://localhost/admin?do=panelCollapsed 
[2022-10-23 23-02-15] PHP Warning: Trying to access array offset on value of type null in /var/www/html/app/Router/RouterFactory.php:73  @  http://localhost/admin?do=panelCollapsed 
[2022-10-23 23-02-17] PHP Warning: Trying to access array offset on value of type null in /var/www/html/app/Router/RouterFactory.php:73  @  http://localhost/admin?do=panelCollapsed 
[2022-10-23 23-02-17] PHP Warning: Trying to access array offset on value of type null in /var/www/html/app/Router/RouterFactory.php:73  @  http://localhost/admin?do=panelCollapsed 
[2022-10-23 23-02-17] PHP Warning: Trying to access array offset on value of type null in /var/www/html/app/Router/RouterFactory.php:73  @  http://localhost/admin?do=panelCollapsed 
[2022-10-23 23-02-17] PHP Warning: Trying to access array offset on value of type null in /var/www/html/app/Router/RouterFactory.php:73  @  http://localhost/admin?do=panelCollapsed 
[2022-10-23 23-02-17] PHP Warning: Trying to access array offset on value of type null in /var/www/html/app/Router/RouterFactory.php:73  @  http://localhost/admin?do=panelCollapsed 
[2022-10-23 23-02-18] PHP Warning: Trying to access array offset on value of type null in /var/www/html/app/Router/RouterFactory.php:73  @  http://localhost/admin 
[2022-10-23 23-02-18] PHP Warning: Trying to access array offset on value of type null in /var/www/html/app/Router/RouterFactory.php:73  @  http://localhost/admin 
[2022-10-23 23-02-18] PHP Warning: Trying to access array offset on value of type null in /var/www/html/app/Router/RouterFactory.php:73  @  http://localhost/admin 
[2022-10-23 23-02-18] PHP Warning: Trying to access array offset on value of type null in /var/www/html/app/Router/RouterFactory.php:73  @  http://localhost/admin 
[2022-10-23 23-02-18] PHP Warning: Trying to access array offset on value of type null in /var/www/html/app/Router/RouterFactory.php:73  @  http://localhost/admin 
[2022-10-23 23-02-19] PHP User Warning: Invalid link: No route for Front:Homepage:default() in /var/www/html/vendor/nette/application/src/Application/UI/Presenter.php:1104  @  http://localhost/admin 
[2022-10-23 23-02-20] PHP Warning: Trying to access array offset on value of type null in /var/www/html/app/Router/RouterFactory.php:73  @  http://localhost/admin?do=panelCollapsed 
[2022-10-23 23-02-20] PHP Warning: Trying to access array offset on value of type null in /var/www/html/app/Router/RouterFactory.php:73  @  http://localhost/admin?do=panelCollapsed 
[2022-10-23 23-02-20] PHP Warning: Trying to access array offset on value of type null in /var/www/html/app/Router/RouterFactory.php:73  @  http://localhost/admin?do=panelCollapsed 
[2022-10-23 23-02-20] PHP Warning: Trying to access array offset on value of type null in /var/www/html/app/Router/RouterFactory.php:73  @  http://localhost/admin?do=panelCollapsed 
[2022-10-23 23-02-20] PHP Warning: Trying to access array offset on value of type null in /var/www/html/app/Router/RouterFactory.php:73  @  http://localhost/admin?do=panelCollapsed 
[2022-10-23 23-02-22] PHP Warning: Trying to access array offset on value of type null in /var/www/html/app/Router/RouterFactory.php:73  @  http://localhost/admin?do=panelCollapsed 
[2022-10-23 23-02-22] PHP Warning: Trying to access array offset on value of type null in /var/www/html/app/Router/RouterFactory.php:73  @  http://localhost/admin?do=panelCollapsed 
[2022-10-23 23-02-22] PHP Warning: Trying to access array offset on value of type null in /var/www/html/app/Router/RouterFactory.php:73  @  http://localhost/admin?do=panelCollapsed 
[2022-10-23 23-02-22] PHP Warning: Trying to access array offset on value of type null in /var/www/html/app/Router/RouterFactory.php:73  @  http://localhost/admin?do=panelCollapsed 
[2022-10-23 23-02-22] PHP Warning: Trying to access array offset on value of type null in /var/www/html/app/Router/RouterFactory.php:73  @  http://localhost/admin?do=panelCollapsed 
[2022-10-23 23-02-27] PHP Warning: Trying to access array offset on value of type null in /var/www/html/app/Router/RouterFactory.php:73  @  http://localhost/admin/pages 
[2022-10-23 23-02-27] PHP Warning: Trying to access array offset on value of type null in /var/www/html/app/Router/RouterFactory.php:73  @  http://localhost/admin/pages 
[2022-10-23 23-02-27] PHP Warning: Trying to access array offset on value of type null in /var/www/html/app/Router/RouterFactory.php:73  @  http://localhost/admin/pages 
[2022-10-23 23-02-27] PHP Warning: Trying to access array offset on value of type null in /var/www/html/app/Router/RouterFactory.php:73  @  http://localhost/admin/pages 
[2022-10-23 23-02-27] PHP Warning: Trying to access array offset on value of type null in /var/www/html/app/Router/RouterFactory.php:73  @  http://localhost/admin/pages 
[2022-10-23 23-02-28] PHP User Warning: Invalid link: No route for Front:Homepage:default() in /var/www/html/vendor/nette/application/src/Application/UI/Presenter.php:1104  @  http://localhost/admin/pages 
[2022-10-23 23-02-29] PHP Warning: Trying to access array offset on value of type null in /var/www/html/app/Router/RouterFactory.php:73  @  http://localhost/admin/pages?do=panelCollapsed 
[2022-10-23 23-02-29] PHP Warning: Trying to access array offset on value of type null in /var/www/html/app/Router/RouterFactory.php:73  @  http://localhost/admin/pages?do=panelCollapsed 
[2022-10-23 23-02-29] PHP Warning: Trying to access array offset on value of type null in /var/www/html/app/Router/RouterFactory.php:73  @  http://localhost/admin/pages?do=panelCollapsed 
[2022-10-23 23-02-29] PHP Warning: Trying to access array offset on value of type null in /var/www/html/app/Router/RouterFactory.php:73  @  http://localhost/admin/pages?do=panelCollapsed 
[2022-10-23 23-02-29] PHP Warning: Trying to access array offset on value of type null in /var/www/html/app/Router/RouterFactory.php:73  @  http://localhost/admin/pages?do=panelCollapsed 
[2022-10-23 23-02-31] PHP Warning: Trying to access array offset on value of type null in /var/www/html/app/Router/RouterFactory.php:73  @  http://localhost/admin/pages?do=panelCollapsed 
[2022-10-23 23-02-31] PHP Warning: Trying to access array offset on value of type null in /var/www/html/app/Router/RouterFactory.php:73  @  http://localhost/admin/pages?do=panelCollapsed 
[2022-10-23 23-02-31] PHP Warning: Trying to access array offset on value of type null in /var/www/html/app/Router/RouterFactory.php:73  @  http://localhost/admin/pages?do=panelCollapsed 
[2022-10-23 23-02-31] PHP Warning: Trying to access array offset on value of type null in /var/www/html/app/Router/RouterFactory.php:73  @  http://localhost/admin/pages?do=panelCollapsed 
[2022-10-23 23-02-31] PHP Warning: Trying to access array offset on value of type null in /var/www/html/app/Router/RouterFactory.php:73  @  http://localhost/admin/pages?do=panelCollapsed 
[2022-10-23 23-02-33] PHP Warning: Trying to access array offset on value of type null in /var/www/html/app/Router/RouterFactory.php:73  @  http://localhost/ 
[2022-10-23 23-02-33] PHP Warning: Trying to access array offset on value of type null in /var/www/html/app/Router/RouterFactory.php:73  @  http://localhost/ 
[2022-10-23 23-02-33] PHP Warning: Trying to access array offset on value of type null in /var/www/html/app/Router/RouterFactory.php:73  @  http://localhost/ 
[2022-10-23 23-02-33] PHP Warning: Trying to access array offset on value of type null in /var/www/html/app/Router/RouterFactory.php:73  @  http://localhost/ 
[2022-10-23 23-02-33] PHP Warning: Trying to access array offset on value of type null in /var/www/html/app/Router/RouterFactory.php:73  @  http://localhost/ 
[2022-10-23 23-02-50] PHP Warning: Trying to access array offset on value of type null in /var/www/html/app/Router/RouterFactory.php:73  @  http://localhost/ 
[2022-10-23 23-02-50] PHP Warning: Trying to access array offset on value of type null in /var/www/html/app/Router/RouterFactory.php:73  @  http://localhost/ 
[2022-10-23 23-02-50] PHP Warning: Trying to access array offset on value of type null in /var/www/html/app/Router/RouterFactory.php:73  @  http://localhost/ 
[2022-10-23 23-02-50] PHP Warning: Trying to access array offset on value of type null in /var/www/html/app/Router/RouterFactory.php:73  @  http://localhost/ 
[2022-10-23 23-02-50] PHP Warning: Trying to access array offset on value of type null in /var/www/html/app/Router/RouterFactory.php:73  @  http://localhost/ 
[2022-10-23 23-02-53] PHP Warning: Trying to access array offset on value of type null in /var/www/html/app/Router/RouterFactory.php:73  @  http://localhost/admin/pages 
[2022-10-23 23-02-53] PHP Warning: Trying to access array offset on value of type null in /var/www/html/app/Router/RouterFactory.php:73  @  http://localhost/admin/pages 
[2022-10-23 23-02-53] PHP Warning: Trying to access array offset on value of type null in /var/www/html/app/Router/RouterFactory.php:73  @  http://localhost/admin/pages 
[2022-10-23 23-02-53] PHP Warning: Trying to access array offset on value of type null in /var/www/html/app/Router/RouterFactory.php:73  @  http://localhost/admin/pages 
[2022-10-23 23-02-53] PHP Warning: Trying to access array offset on value of type null in /var/www/html/app/Router/RouterFactory.php:73  @  http://localhost/admin/pages 
[2022-10-23 23-02-55] PHP User Warning: Invalid link: No route for Front:Homepage:default() in /var/www/html/vendor/nette/application/src/Application/UI/Presenter.php:1104  @  http://localhost/admin/pages 
[2022-10-23 23-02-57] PHP Warning: Trying to access array offset on value of type null in /var/www/html/app/Router/RouterFactory.php:73  @  http://localhost/admin/pages?do=panelCollapsed 
[2022-10-23 23-02-57] PHP Warning: Trying to access array offset on value of type null in /var/www/html/app/Router/RouterFactory.php:73  @  http://localhost/admin/pages?do=panelCollapsed 
[2022-10-23 23-02-57] PHP Warning: Trying to access array offset on value of type null in /var/www/html/app/Router/RouterFactory.php:73  @  http://localhost/admin/pages?do=panelCollapsed 
[2022-10-23 23-02-57] PHP Warning: Trying to access array offset on value of type null in /var/www/html/app/Router/RouterFactory.php:73  @  http://localhost/admin/pages?do=panelCollapsed 
[2022-10-23 23-02-57] PHP Warning: Trying to access array offset on value of type null in /var/www/html/app/Router/RouterFactory.php:73  @  http://localhost/admin/pages?do=panelCollapsed 
[2022-10-23 23-02-59] PHP Warning: Trying to access array offset on value of type null in /var/www/html/app/Router/RouterFactory.php:73  @  http://localhost/admin/pages?do=panelCollapsed 
[2022-10-23 23-02-59] PHP Warning: Trying to access array offset on value of type null in /var/www/html/app/Router/RouterFactory.php:73  @  http://localhost/admin/pages?do=panelCollapsed 
[2022-10-23 23-02-59] PHP Warning: Trying to access array offset on value of type null in /var/www/html/app/Router/RouterFactory.php:73  @  http://localhost/admin/pages?do=panelCollapsed 
[2022-10-23 23-02-59] PHP Warning: Trying to access array offset on value of type null in /var/www/html/app/Router/RouterFactory.php:73  @  http://localhost/admin/pages?do=panelCollapsed 
[2022-10-23 23-02-59] PHP Warning: Trying to access array offset on value of type null in /var/www/html/app/Router/RouterFactory.php:73  @  http://localhost/admin/pages?do=panelCollapsed 
[2022-10-23 23-03-22] PHP Warning: Trying to access array offset on value of type null in /var/www/html/app/Router/RouterFactory.php:73  @  http://nubium-sandbox.test/ 
[2022-10-23 23-03-22] PHP Warning: Trying to access array offset on value of type null in /var/www/html/app/Router/RouterFactory.php:73  @  http://nubium-sandbox.test/ 
[2022-10-23 23-03-22] PHP Warning: Trying to access array offset on value of type null in /var/www/html/app/Router/RouterFactory.php:73  @  http://nubium-sandbox.test/ 
[2022-10-23 23-03-22] PHP Warning: Trying to access array offset on value of type null in /var/www/html/app/Router/RouterFactory.php:73  @  http://nubium-sandbox.test/ 
[2022-10-23 23-03-22] PHP Warning: Trying to access array offset on value of type null in /var/www/html/app/Router/RouterFactory.php:73  @  http://nubium-sandbox.test/ 
[2022-10-23 23-03-33] PHP Warning: Trying to access array offset on value of type null in /var/www/html/app/Router/RouterFactory.php:73  @  http://nubium-sandbox.test/admin/cs/auth 
[2022-10-23 23-03-33] PHP Warning: Trying to access array offset on value of type null in /var/www/html/app/Router/RouterFactory.php:73  @  http://nubium-sandbox.test/admin/cs/auth 
[2022-10-23 23-03-33] PHP Warning: Trying to access array offset on value of type null in /var/www/html/app/Router/RouterFactory.php:73  @  http://nubium-sandbox.test/admin/cs/auth 
[2022-10-23 23-03-33] PHP Warning: Trying to access array offset on value of type null in /var/www/html/app/Router/RouterFactory.php:73  @  http://nubium-sandbox.test/admin/cs/auth 
[2022-10-23 23-03-33] PHP Warning: Trying to access array offset on value of type null in /var/www/html/app/Router/RouterFactory.php:73  @  http://nubium-sandbox.test/admin/cs/auth 
[2022-10-23 23-03-37] PHP Warning: Trying to access array offset on value of type null in /var/www/html/app/Router/RouterFactory.php:73  @  http://nubium-sandbox.test/admin/ 
[2022-10-23 23-03-37] PHP Warning: Trying to access array offset on value of type null in /var/www/html/app/Router/RouterFactory.php:73  @  http://nubium-sandbox.test/admin/ 
[2022-10-23 23-03-37] PHP Warning: Trying to access array offset on value of type null in /var/www/html/app/Router/RouterFactory.php:73  @  http://nubium-sandbox.test/admin/ 
[2022-10-23 23-03-37] PHP Warning: Trying to access array offset on value of type null in /var/www/html/app/Router/RouterFactory.php:73  @  http://nubium-sandbox.test/admin/ 
[2022-10-23 23-03-37] PHP Warning: Trying to access array offset on value of type null in /var/www/html/app/Router/RouterFactory.php:73  @  http://nubium-sandbox.test/admin/ 
[2022-10-23 23-03-38] PHP Warning: Trying to access array offset on value of type null in /var/www/html/app/Router/RouterFactory.php:73  @  http://nubium-sandbox.test/admin/auth 
[2022-10-23 23-03-38] PHP Warning: Trying to access array offset on value of type null in /var/www/html/app/Router/RouterFactory.php:73  @  http://nubium-sandbox.test/admin/auth 
[2022-10-23 23-03-38] PHP Warning: Trying to access array offset on value of type null in /var/www/html/app/Router/RouterFactory.php:73  @  http://nubium-sandbox.test/admin/auth 
[2022-10-23 23-03-38] PHP Warning: Trying to access array offset on value of type null in /var/www/html/app/Router/RouterFactory.php:73  @  http://nubium-sandbox.test/admin/auth 
[2022-10-23 23-03-38] PHP Warning: Trying to access array offset on value of type null in /var/www/html/app/Router/RouterFactory.php:73  @  http://nubium-sandbox.test/admin/auth 
[2022-10-23 23-03-47] PHP Warning: Trying to access array offset on value of type null in /var/www/html/app/Router/RouterFactory.php:73  @  http://nubium-sandbox.test/admin/auth 
[2022-10-23 23-03-47] PHP Warning: Trying to access array offset on value of type null in /var/www/html/app/Router/RouterFactory.php:73  @  http://nubium-sandbox.test/admin/auth 
[2022-10-23 23-03-47] PHP Warning: Trying to access array offset on value of type null in /var/www/html/app/Router/RouterFactory.php:73  @  http://nubium-sandbox.test/admin/auth 
[2022-10-23 23-03-47] PHP Warning: Trying to access array offset on value of type null in /var/www/html/app/Router/RouterFactory.php:73  @  http://nubium-sandbox.test/admin/auth 
[2022-10-23 23-03-47] PHP Warning: Trying to access array offset on value of type null in /var/www/html/app/Router/RouterFactory.php:73  @  http://nubium-sandbox.test/admin/auth 
[2022-10-23 23-03-49] PHP Warning: Trying to access array offset on value of type null in /var/www/html/app/Router/RouterFactory.php:73  @  http://nubium-sandbox.test/admin 
[2022-10-23 23-03-49] PHP Warning: Trying to access array offset on value of type null in /var/www/html/app/Router/RouterFactory.php:73  @  http://nubium-sandbox.test/admin 
[2022-10-23 23-03-49] PHP Warning: Trying to access array offset on value of type null in /var/www/html/app/Router/RouterFactory.php:73  @  http://nubium-sandbox.test/admin 
[2022-10-23 23-03-49] PHP Warning: Trying to access array offset on value of type null in /var/www/html/app/Router/RouterFactory.php:73  @  http://nubium-sandbox.test/admin 
[2022-10-23 23-03-49] PHP Warning: Trying to access array offset on value of type null in /var/www/html/app/Router/RouterFactory.php:73  @  http://nubium-sandbox.test/admin 
[2022-10-23 23-03-50] PHP User Warning: Invalid link: No route for Front:Homepage:default() in /var/www/html/vendor/nette/application/src/Application/UI/Presenter.php:1104  @  http://nubium-sandbox.test/admin 
[2022-10-23 23-03-52] PHP Warning: Trying to access array offset on value of type null in /var/www/html/app/Router/RouterFactory.php:73  @  http://nubium-sandbox.test/admin?do=panelCollapsed 
[2022-10-23 23-03-52] PHP Warning: Trying to access array offset on value of type null in /var/www/html/app/Router/RouterFactory.php:73  @  http://nubium-sandbox.test/admin?do=panelCollapsed 
[2022-10-23 23-03-52] PHP Warning: Trying to access array offset on value of type null in /var/www/html/app/Router/RouterFactory.php:73  @  http://nubium-sandbox.test/admin?do=panelCollapsed 
[2022-10-23 23-03-52] PHP Warning: Trying to access array offset on value of type null in /var/www/html/app/Router/RouterFactory.php:73  @  http://nubium-sandbox.test/admin?do=panelCollapsed 
[2022-10-23 23-03-52] PHP Warning: Trying to access array offset on value of type null in /var/www/html/app/Router/RouterFactory.php:73  @  http://nubium-sandbox.test/admin?do=panelCollapsed 
[2022-10-23 23-03-54] PHP Warning: Trying to access array offset on value of type null in /var/www/html/app/Router/RouterFactory.php:73  @  http://nubium-sandbox.test/admin?do=panelCollapsed 
[2022-10-23 23-03-54] PHP Warning: Trying to access array offset on value of type null in /var/www/html/app/Router/RouterFactory.php:73  @  http://nubium-sandbox.test/admin?do=panelCollapsed 
[2022-10-23 23-03-54] PHP Warning: Trying to access array offset on value of type null in /var/www/html/app/Router/RouterFactory.php:73  @  http://nubium-sandbox.test/admin?do=panelCollapsed 
[2022-10-23 23-03-54] PHP Warning: Trying to access array offset on value of type null in /var/www/html/app/Router/RouterFactory.php:73  @  http://nubium-sandbox.test/admin?do=panelCollapsed 
[2022-10-23 23-03-54] PHP Warning: Trying to access array offset on value of type null in /var/www/html/app/Router/RouterFactory.php:73  @  http://nubium-sandbox.test/admin?do=panelCollapsed 
[2022-10-23 23-04-11] PHP Warning: Trying to access array offset on value of type null in /var/www/html/app/Router/RouterFactory.php:67  @  http://nubium-sandbox.test/admin 
[2022-10-23 23-04-11] PHP Warning: Trying to access array offset on value of type null in /var/www/html/app/Router/RouterFactory.php:67  @  http://nubium-sandbox.test/admin 
[2022-10-23 23-04-11] PHP Warning: Trying to access array offset on value of type null in /var/www/html/app/Router/RouterFactory.php:67  @  http://nubium-sandbox.test/admin 
[2022-10-23 23-04-11] PHP Warning: Trying to access array offset on value of type null in /var/www/html/app/Router/RouterFactory.php:67  @  http://nubium-sandbox.test/admin 
[2022-10-23 23-04-11] PHP Warning: Trying to access array offset on value of type null in /var/www/html/app/Router/RouterFactory.php:67  @  http://nubium-sandbox.test/admin 
[2022-10-23 23-04-12] PHP User Warning: Invalid link: No route for Front:Homepage:default() in /var/www/html/vendor/nette/application/src/Application/UI/Presenter.php:1104  @  http://nubium-sandbox.test/admin 
[2022-10-23 23-04-13] PHP Warning: Trying to access array offset on value of type null in /var/www/html/app/Router/RouterFactory.php:67  @  http://nubium-sandbox.test/admin?do=panelCollapsed 
[2022-10-23 23-04-13] PHP Warning: Trying to access array offset on value of type null in /var/www/html/app/Router/RouterFactory.php:67  @  http://nubium-sandbox.test/admin?do=panelCollapsed 
[2022-10-23 23-04-13] PHP Warning: Trying to access array offset on value of type null in /var/www/html/app/Router/RouterFactory.php:67  @  http://nubium-sandbox.test/admin?do=panelCollapsed 
[2022-10-23 23-04-13] PHP Warning: Trying to access array offset on value of type null in /var/www/html/app/Router/RouterFactory.php:67  @  http://nubium-sandbox.test/admin?do=panelCollapsed 
[2022-10-23 23-04-13] PHP Warning: Trying to access array offset on value of type null in /var/www/html/app/Router/RouterFactory.php:67  @  http://nubium-sandbox.test/admin?do=panelCollapsed 
[2022-10-23 23-04-14] PHP Warning: Trying to access array offset on value of type null in /var/www/html/app/Router/RouterFactory.php:67  @  http://nubium-sandbox.test/admin?do=panelCollapsed 
[2022-10-23 23-04-14] PHP Warning: Trying to access array offset on value of type null in /var/www/html/app/Router/RouterFactory.php:67  @  http://nubium-sandbox.test/admin?do=panelCollapsed 
[2022-10-23 23-04-14] PHP Warning: Trying to access array offset on value of type null in /var/www/html/app/Router/RouterFactory.php:67  @  http://nubium-sandbox.test/admin?do=panelCollapsed 
[2022-10-23 23-04-14] PHP Warning: Trying to access array offset on value of type null in /var/www/html/app/Router/RouterFactory.php:67  @  http://nubium-sandbox.test/admin?do=panelCollapsed 
[2022-10-23 23-04-14] PHP Warning: Trying to access array offset on value of type null in /var/www/html/app/Router/RouterFactory.php:67  @  http://nubium-sandbox.test/admin?do=panelCollapsed 
[2022-10-23 23-04-17] PHP Warning: Trying to access array offset on value of type null in /var/www/html/app/Router/RouterFactory.php:67  @  http://nubium-sandbox.test/admin/pages 
[2022-10-23 23-04-17] PHP Warning: Trying to access array offset on value of type null in /var/www/html/app/Router/RouterFactory.php:67  @  http://nubium-sandbox.test/admin/pages 
[2022-10-23 23-04-17] PHP Warning: Trying to access array offset on value of type null in /var/www/html/app/Router/RouterFactory.php:67  @  http://nubium-sandbox.test/admin/pages 
[2022-10-23 23-04-17] PHP Warning: Trying to access array offset on value of type null in /var/www/html/app/Router/RouterFactory.php:67  @  http://nubium-sandbox.test/admin/pages 
[2022-10-23 23-04-17] PHP Warning: Trying to access array offset on value of type null in /var/www/html/app/Router/RouterFactory.php:67  @  http://nubium-sandbox.test/admin/pages 
[2022-10-23 23-04-19] PHP User Warning: Invalid link: No route for Front:Homepage:default() in /var/www/html/vendor/nette/application/src/Application/UI/Presenter.php:1104  @  http://nubium-sandbox.test/admin/pages 
[2022-10-23 23-04-20] PHP Warning: Trying to access array offset on value of type null in /var/www/html/app/Router/RouterFactory.php:67  @  http://nubium-sandbox.test/admin/pages?do=panelCollapsed 
[2022-10-23 23-04-20] PHP Warning: Trying to access array offset on value of type null in /var/www/html/app/Router/RouterFactory.php:67  @  http://nubium-sandbox.test/admin/pages?do=panelCollapsed 
[2022-10-23 23-04-20] PHP Warning: Trying to access array offset on value of type null in /var/www/html/app/Router/RouterFactory.php:67  @  http://nubium-sandbox.test/admin/pages?do=panelCollapsed 
[2022-10-23 23-04-20] PHP Warning: Trying to access array offset on value of type null in /var/www/html/app/Router/RouterFactory.php:67  @  http://nubium-sandbox.test/admin/pages?do=panelCollapsed 
[2022-10-23 23-04-20] PHP Warning: Trying to access array offset on value of type null in /var/www/html/app/Router/RouterFactory.php:67  @  http://nubium-sandbox.test/admin/pages?do=panelCollapsed 
[2022-10-23 23-04-21] PHP Warning: Trying to access array offset on value of type null in /var/www/html/app/Router/RouterFactory.php:67  @  http://nubium-sandbox.test/admin/pages?do=panelCollapsed 
[2022-10-23 23-04-21] PHP Warning: Trying to access array offset on value of type null in /var/www/html/app/Router/RouterFactory.php:67  @  http://nubium-sandbox.test/admin/pages?do=panelCollapsed 
[2022-10-23 23-04-21] PHP Warning: Trying to access array offset on value of type null in /var/www/html/app/Router/RouterFactory.php:67  @  http://nubium-sandbox.test/admin/pages?do=panelCollapsed 
[2022-10-23 23-04-21] PHP Warning: Trying to access array offset on value of type null in /var/www/html/app/Router/RouterFactory.php:67  @  http://nubium-sandbox.test/admin/pages?do=panelCollapsed 
[2022-10-23 23-04-21] PHP Warning: Trying to access array offset on value of type null in /var/www/html/app/Router/RouterFactory.php:67  @  http://nubium-sandbox.test/admin/pages?do=panelCollapsed 
[2022-10-23 23-06-10] PHP User Warning: Invalid link: No route for Front:Homepage:default() in /var/www/html/vendor/nette/application/src/Application/UI/Presenter.php:1104  @  http://nubium-sandbox.test/admin 
[2022-10-23 23-10-23] PHP Warning: require(/var/www/html/app/Presenters/../../templates/Error/500.phtml): Failed to open stream: No such file or directory in /var/www/html/app/Presenters/ErrorPresenter.php:39  @  http://nubium-sandbox.test/ 
[2022-10-23 23-10-52] PHP Warning: Undefined variable $page in /var/www/html/temp/cache/latte/Front-Homepage-default.latte--33a01171b9.php:61  @  http://nubium-sandbox.test/ 
[2022-10-23 23-10-54] PHP Warning: require(/var/www/html/app/Presenters/../../templates/Error/500.phtml): Failed to open stream: No such file or directory in /var/www/html/app/Presenters/ErrorPresenter.php:39  @  http://nubium-sandbox.test/ 
